<?xml version="1.0" encoding="UTF-8"?>
<!-- Generated by org.testng.reporters.JUnitXMLReporter -->
<testsuite ignored="1" hostname="DESKTOP-KR1GQTC" failures="0" tests="1" name="EdgeTest(failed)" time="8.21" errors="0" timestamp="2022-03-10T12:32:13 IST">
  <testcase classname="pomtest.TestNgClass" name="verifyReportButton" time="1.794"/>
  <testcase classname="pomtest.TestNgClass" name="verifyUserTab" time="0.0">
    <ignored/>
  </testcase> <!-- verifyUserTab -->
</testsuite> <!-- EdgeTest(failed) -->
