<?xml version="1.0" encoding="UTF-8"?>
<!-- Generated by org.testng.reporters.JUnitXMLReporter -->
<testsuite ignored="0" hostname="DESKTOP-KR1GQTC" failures="0" tests="2" name="EdgeTest" time="3.692" errors="0" timestamp="2022-03-11T18:04:46 IST">
  <testcase classname="pomtest.TestNgClass" name="@BeforeMethod logInToApplication" time="0.917">
    <failure type="org.apache.poi.EmptyFileException" message="The supplied file was empty (zero bytes long)">
      <![CDATA[org.apache.poi.EmptyFileException: The supplied file was empty (zero bytes long)
at org.apache.poi.ss.usermodel.WorkbookFactory.create(WorkbookFactory.java:218)
at org.apache.poi.ss.usermodel.WorkbookFactory.create(WorkbookFactory.java:185)
at utils.Utility.getdataFromExcel(Utility.java:40)
at pomtest.TestNgClass.logInToApplication(TestNgClass.java:72)
at java.base/java.util.concurrent.ThreadPoolExecutor.runWorker(ThreadPoolExecutor.java:1136)
at java.base/java.util.concurrent.ThreadPoolExecutor$Worker.run(ThreadPoolExecutor.java:635)
at java.base/java.lang.Thread.run(Thread.java:833)
... Removed 16 stack frames]]>
    </failure>
  </testcase> <!-- @BeforeMethod logInToApplication -->
  <testcase classname="pomtest.TestNgClass" name="@AfterMethod logOut" time="-1.647002086182E9">
    <skipped/>
  </testcase> <!-- @AfterMethod logOut -->
  <testcase classname="pomtest.TestNgClass" name="@BeforeMethod logInToApplication" time="-1.647002086195E9">
    <skipped/>
  </testcase> <!-- @BeforeMethod logInToApplication -->
  <testcase classname="pomtest.TestNgClass" name="@AfterMethod logOut" time="-1.647002086203E9">
    <skipped/>
  </testcase> <!-- @AfterMethod logOut -->
  <testcase classname="pomtest.TestNgClass" name="@AfterClass closeBrowser" time="-1.647002086211E9">
    <skipped/>
  </testcase> <!-- @AfterClass closeBrowser -->
  <testcase classname="pomtest.TestNgClass" name="@AfterTest closedBrowser" time="-1.647002086217E9">
    <skipped/>
  </testcase> <!-- @AfterTest closedBrowser -->
  <testcase classname="pomtest.TestNgClass" name="verifyReportButton" time="0.0">
    <skipped/>
  </testcase> <!-- verifyReportButton -->
  <testcase classname="pomtest.TestNgClass" name="verifyUserTab" time="0.0">
    <skipped/>
  </testcase> <!-- verifyUserTab -->
</testsuite> <!-- EdgeTest -->
